0 info it worked if it ends with ok
1 verbose cli [ 'C:\\Program Files\\nodejs\\node.exe',
1 verbose cli   'C:\\Program Files\\nodejs\\node_modules\\npm\\bin\\npm-cli.js',
1 verbose cli   'run',
1 verbose cli   'build' ]
2 info using npm@3.10.10
3 info using node@v6.9.5
4 verbose run-script [ 'prebuild', 'build', 'postbuild' ]
5 info lifecycle todo@1.0.0~prebuild: todo@1.0.0
6 silly lifecycle todo@1.0.0~prebuild: no script for prebuild, continuing
7 info lifecycle todo@1.0.0~build: todo@1.0.0
8 verbose lifecycle todo@1.0.0~build: unsafe-perm in lifecycle true
9 verbose lifecycle todo@1.0.0~build: PATH: C:\Program Files\nodejs\node_modules\npm\bin\node-gyp-bin;D:\postman workspace\ToDo\node_modules\.bin;C:\ProgramData\Oracle\Java\javapath;C:\windows\system32;C:\windows;C:\windows\System32\Wbem;C:\windows\System32\WindowsPowerShell\v1.0\;C:\Program Files (x86)\Brackets\command;C:\Android;C:\Windows\System32;C:\Program Files\nodejs\;C:\TDM-GCC-64\bin;D:\Softwares\apache-ant-1.10.0\bin;D:\Android\platform-tools;D:\Android\tools;C:\ProgramData\Oracle\Java\javapath;C:\windows\system32;C:\windows;C:\windows\System32\Wbem;C:\windows\System32\WindowsPowerShell\v1.0\;C:\Users\nishant.gupta23\AppData\Local\Programs\Git\cmd;C:\Program Files (x86)\Microsoft VS Code\bin;C:\Program Files\MongoDB\Server\3.2\bin;C:\Program Files (x86)\Java\jdk1.8.0_111\bin;C:\Program Files (x86)\Java\jdk1.8.0_111\bin;C:\Users\nishant.gupta23\AppData\Local\Android\sdk\build-tools;C:\Users\nishant.gupta23\AppData\Local\Android\sdk\platform-tools;C:\Users\nishant.gupta23\AppData\Local\Android;C:\Users\nishant.gupta23\AppData\Roaming\npm;C:\Python27\;C:\Python27\Scripts;
10 verbose lifecycle todo@1.0.0~build: CWD: D:\postman workspace\ToDo
11 silly lifecycle todo@1.0.0~build: Args: [ '/d /s /c', 'webpack --config webpack.config.js --watch' ]
12 silly lifecycle todo@1.0.0~build: Returned: code: 3221225786  signal: null
13 info lifecycle todo@1.0.0~build: Failed to exec build script
14 verbose stack Error: todo@1.0.0 build: `webpack --config webpack.config.js --watch`
14 verbose stack Exit status 3221225786
14 verbose stack     at EventEmitter.<anonymous> (C:\Program Files\nodejs\node_modules\npm\lib\utils\lifecycle.js:255:16)
14 verbose stack     at emitTwo (events.js:106:13)
14 verbose stack     at EventEmitter.emit (events.js:191:7)
14 verbose stack     at ChildProcess.<anonymous> (C:\Program Files\nodejs\node_modules\npm\lib\utils\spawn.js:40:14)
14 verbose stack     at emitTwo (events.js:106:13)
14 verbose stack     at ChildProcess.emit (events.js:191:7)
14 verbose stack     at maybeClose (internal/child_process.js:877:16)
14 verbose stack     at Process.ChildProcess._handle.onexit (internal/child_process.js:226:5)
15 verbose pkgid todo@1.0.0
16 verbose cwd D:\postman workspace\ToDo
17 error Windows_NT 6.3.9600
18 error argv "C:\\Program Files\\nodejs\\node.exe" "C:\\Program Files\\nodejs\\node_modules\\npm\\bin\\npm-cli.js" "run" "build"
19 error node v6.9.5
20 error npm  v3.10.10
21 error code ELIFECYCLE
22 error todo@1.0.0 build: `webpack --config webpack.config.js --watch`
22 error Exit status 3221225786
23 error Failed at the todo@1.0.0 build script 'webpack --config webpack.config.js --watch'.
23 error Make sure you have the latest version of node.js and npm installed.
23 error If you do, this is most likely a problem with the todo package,
23 error not with npm itself.
23 error Tell the author that this fails on your system:
23 error     webpack --config webpack.config.js --watch
23 error You can get information on how to open an issue for this project with:
23 error     npm bugs todo
23 error Or if that isn't available, you can get their info via:
23 error     npm owner ls todo
23 error There is likely additional logging output above.
24 verbose exit [ 1, true ]
